---------------------------------------------------------------
[ 2017-11-03T11:06:40+08:00 ] ::1 ::1 GET /zhenjiangximenzi2/public/admin/ajax/wipecache?_=1509678390740
[ info ] localhost/zhenjiangximenzi2/public/admin/ajax/wipecache?_=1509678390740 [运行时间：0.179720s][吞吐率：5.56req/s] [内存消耗：2,062.84kb] [文件加载：70]
[ info ] [ BEHAVIOR ] Run Closure @app_init [ RunTime:0.000059s ]
[ info ] [ CACHE ] INIT File
[ info ] [ BEHAVIOR ] Run Closure @app_init [ RunTime:0.065367s ]
[ info ] [ LANG ] D:\phpStudy\WWW\zhenjiangximenzi2\thinkphp\lang\zh-cn.php
[ info ] [ ROUTE ] array (
  'type' => 'module',
  'module' => 
  array (
    0 => 'admin',
    1 => 'ajax',
    2 => 'wipecache',
  ),
)
[ info ] [ HEADER ] array (
  'cookie' => 'Hm_lvt_f8d0a8c400404989e195270b0bbf060a=1509587146,1509608639,1509674658; Hm_lpvt_f8d0a8c400404989e195270b0bbf060a=1509674658; PHPSESSID=knfa50lkpuq09ejrk28bbbh6g6',
  'accept-language' => 'zh-CN,zh;q=0.9',
  'accept-encoding' => 'gzip, deflate, br',
  'referer' => 'http://localhost/zhenjiangximenzi2/public/admin/certificate?ref=addtabs',
  'user-agent' => 'Mozilla/5.0 (Windows NT 10.0) AppleWebKit/537.36 (KHTML, like Gecko) Chrome/62.0.3202.75 Safari/537.36',
  'x-requested-with' => 'XMLHttpRequest',
  'accept' => 'application/json, text/javascript, */*; q=0.01',
  'connection' => 'close',
  'host' => 'localhost',
)
[ info ] [ PARAM ] array (
  '_' => '1509678390740',
)
[ info ] [ LANG ] D:\phpStudy\WWW\zhenjiangximenzi2\public/../application/admin\lang\zh-cn.php
[ info ] [ BEHAVIOR ] Run app\common\behavior\Common @module_init [ RunTime:0.000357s ]
[ info ] [ SESSION ] INIT array (
  'id' => '',
  'var_session_id' => '',
  'prefix' => 'think',
  'type' => '',
  'auto_start' => true,
)
[ info ] [ RUN ] app\admin\controller\Ajax->wipecache[ D:\phpStudy\WWW\zhenjiangximenzi2\application\admin\controller\Ajax.php ]
[ info ] [ BEHAVIOR ] Run app\admin\behavior\AdminLog @app_end [ RunTime:0.000489s ]
[ info ] [ LOG ] INIT File
---------------------------------------------------------------
[ 2017-11-03T11:06:46+08:00 ] ::1 ::1 GET /zhenjiangximenzi2/public/
[ info ] localhost/zhenjiangximenzi2/public/ [运行时间：0.097193s][吞吐率：10.29req/s] [内存消耗：1,934.18kb] [文件加载：64]
[ info ] [ BEHAVIOR ] Run Closure @app_init [ RunTime:0.000105s ]
[ info ] [ CACHE ] INIT File
[ info ] [ BEHAVIOR ] Run Closure @app_init [ RunTime:0.006974s ]
[ info ] [ LANG ] D:\phpStudy\WWW\zhenjiangximenzi2\thinkphp\lang\zh-cn.php
[ info ] [ ROUTE ] array (
  'type' => 'module',
  'module' => 
  array (
    0 => '',
    1 => NULL,
    2 => NULL,
  ),
)
[ info ] [ HEADER ] array (
  'cookie' => 'Hm_lvt_f8d0a8c400404989e195270b0bbf060a=1509587146,1509608639,1509674658; Hm_lpvt_f8d0a8c400404989e195270b0bbf060a=1509674658; PHPSESSID=knfa50lkpuq09ejrk28bbbh6g6',
  'accept-language' => 'zh-CN,zh;q=0.9',
  'accept-encoding' => 'gzip, deflate, br',
  'referer' => 'http://localhost/zhenjiangximenzi2/',
  'accept' => 'text/html,application/xhtml+xml,application/xml;q=0.9,image/webp,image/apng,*/*;q=0.8',
  'user-agent' => 'Mozilla/5.0 (Windows NT 10.0) AppleWebKit/537.36 (KHTML, like Gecko) Chrome/62.0.3202.75 Safari/537.36',
  'upgrade-insecure-requests' => '1',
  'connection' => 'close',
  'host' => 'localhost',
)
[ info ] [ PARAM ] array (
)
[ info ] [ LANG ] D:\phpStudy\WWW\zhenjiangximenzi2\public/../application/index\lang\zh-cn.php
[ info ] [ BEHAVIOR ] Run app\common\behavior\Common @module_init [ RunTime:0.000973s ]
[ info ] [ LANG ] D:\phpStudy\WWW\zhenjiangximenzi2\public/../application/index/lang/zh-cn/index.php
[ info ] [ RUN ] app\index\controller\Index->index[ D:\phpStudy\WWW\zhenjiangximenzi2\application\index\controller\Index.php ]
[ info ] [ VIEW ] D:\phpStudy\WWW\zhenjiangximenzi2\public/../application/index\view\index\index.html [ array (
  0 => 'site',
  1 => 'config',
) ]
[ info ] [ LOG ] INIT File
---------------------------------------------------------------
[ 2017-11-03T11:06:48+08:00 ] ::1 ::1 GET /zhenjiangximenzi2/public/admin/index/login.html
[ info ] localhost/zhenjiangximenzi2/public/admin/index/login.html [运行时间：0.162785s][吞吐率：6.14req/s] [内存消耗：2,157.48kb] [文件加载：73]
[ info ] [ BEHAVIOR ] Run Closure @app_init [ RunTime:0.000047s ]
[ info ] [ CACHE ] INIT File
[ info ] [ BEHAVIOR ] Run Closure @app_init [ RunTime:0.015158s ]
[ info ] [ LANG ] D:\phpStudy\WWW\zhenjiangximenzi2\thinkphp\lang\zh-cn.php
[ info ] [ ROUTE ] array (
  'type' => 'module',
  'module' => 
  array (
    0 => 'admin',
    1 => 'index',
    2 => 'login',
  ),
)
[ info ] [ HEADER ] array (
  'cookie' => 'PHPSESSID=knfa50lkpuq09ejrk28bbbh6g6; Hm_lvt_f8d0a8c400404989e195270b0bbf060a=1509587146,1509608639,1509674658; Hm_lpvt_f8d0a8c400404989e195270b0bbf060a=1509678407',
  'accept-language' => 'zh-CN,zh;q=0.9',
  'accept-encoding' => 'gzip, deflate, br',
  'referer' => 'http://localhost/zhenjiangximenzi2/public/',
  'accept' => 'text/html,application/xhtml+xml,application/xml;q=0.9,image/webp,image/apng,*/*;q=0.8',
  'user-agent' => 'Mozilla/5.0 (Windows NT 10.0) AppleWebKit/537.36 (KHTML, like Gecko) Chrome/62.0.3202.75 Safari/537.36',
  'upgrade-insecure-requests' => '1',
  'connection' => 'close',
  'host' => 'localhost',
)
[ info ] [ PARAM ] array (
)
[ info ] [ LANG ] D:\phpStudy\WWW\zhenjiangximenzi2\public/../application/admin\lang\zh-cn.php
[ info ] [ BEHAVIOR ] Run app\common\behavior\Common @module_init [ RunTime:0.000334s ]
[ info ] [ SESSION ] INIT array (
  'id' => '',
  'var_session_id' => '',
  'prefix' => 'think',
  'type' => '',
  'auto_start' => true,
)
[ info ] [ LANG ] D:\phpStudy\WWW\zhenjiangximenzi2\public/../application/admin/lang/zh-cn/index.php
[ info ] [ RUN ] app\admin\controller\Index->login[ D:\phpStudy\WWW\zhenjiangximenzi2\application\admin\controller\Index.php ]
[ info ] [ VIEW ] D:\phpStudy\WWW\zhenjiangximenzi2\public/../application/common\view\tpl\dispatch_jump.tpl [ array (
  0 => 'breadcrumb',
  1 => 'site',
  2 => 'config',
  3 => 'auth',
  4 => 'admin',
  5 => 'code',
  6 => 'msg',
  7 => 'data',
  8 => 'url',
  9 => 'wait',
) ]
[ info ] [ BEHAVIOR ] Run app\admin\behavior\AdminLog @app_end [ RunTime:0.000240s ]
[ info ] [ LOG ] INIT File
---------------------------------------------------------------
[ 2017-11-03T11:06:50+08:00 ] ::1 ::1 GET /zhenjiangximenzi2/public/admin/index/index
[ info ] localhost/zhenjiangximenzi2/public/admin/index/index [运行时间：0.850835s][吞吐率：1.18req/s] [内存消耗：3,103.65kb] [文件加载：91]
[ info ] [ BEHAVIOR ] Run Closure @app_init [ RunTime:0.000045s ]
[ info ] [ CACHE ] INIT File
[ info ] [ BEHAVIOR ] Run Closure @app_init [ RunTime:0.004518s ]
[ info ] [ LANG ] D:\phpStudy\WWW\zhenjiangximenzi2\thinkphp\lang\zh-cn.php
[ info ] [ ROUTE ] array (
  'type' => 'module',
  'module' => 
  array (
    0 => 'admin',
    1 => 'index',
    2 => 'index',
  ),
)
[ info ] [ HEADER ] array (
  'cookie' => 'PHPSESSID=knfa50lkpuq09ejrk28bbbh6g6; Hm_lvt_f8d0a8c400404989e195270b0bbf060a=1509587146,1509608639,1509674658; Hm_lpvt_f8d0a8c400404989e195270b0bbf060a=1509678407',
  'accept-language' => 'zh-CN,zh;q=0.9',
  'accept-encoding' => 'gzip, deflate, br',
  'referer' => 'http://localhost/zhenjiangximenzi2/public/admin/index/login.html',
  'accept' => 'text/html,application/xhtml+xml,application/xml;q=0.9,image/webp,image/apng,*/*;q=0.8',
  'user-agent' => 'Mozilla/5.0 (Windows NT 10.0) AppleWebKit/537.36 (KHTML, like Gecko) Chrome/62.0.3202.75 Safari/537.36',
  'upgrade-insecure-requests' => '1',
  'connection' => 'close',
  'host' => 'localhost',
)
[ info ] [ PARAM ] array (
)
[ info ] [ LANG ] D:\phpStudy\WWW\zhenjiangximenzi2\public/../application/admin\lang\zh-cn.php
[ info ] [ BEHAVIOR ] Run app\common\behavior\Common @module_init [ RunTime:0.000378s ]
[ info ] [ SESSION ] INIT array (
  'id' => '',
  'var_session_id' => '',
  'prefix' => 'think',
  'type' => '',
  'auto_start' => true,
)
[ info ] [ LANG ] D:\phpStudy\WWW\zhenjiangximenzi2\public/../application/admin/lang/zh-cn/index.php
[ info ] [ RUN ] app\admin\controller\Index->index[ D:\phpStudy\WWW\zhenjiangximenzi2\application\admin\controller\Index.php ]
[ info ] [ DB ] INIT mysql
[ info ] [ VIEW ] D:\phpStudy\WWW\zhenjiangximenzi2\public/../application/admin\view\index\index.html [ array (
  0 => 'breadcrumb',
  1 => 'site',
  2 => 'config',
  3 => 'auth',
  4 => 'admin',
  5 => 'menulist',
  6 => 'title',
) ]
[ info ] [ BEHAVIOR ] Run app\admin\behavior\AdminLog @app_end [ RunTime:0.000253s ]
[ info ] [ LOG ] INIT File
[ sql ] [ DB ] CONNECT:[ UseTime:0.000777s ] mysql:dbname=fastadmin;host=127.0.0.1;charset=utf8
[ sql ] [ SQL ] SHOW COLUMNS FROM `fa_auth_group_access` [ RunTime:0.050733s ]
[ sql ] [ SQL ] SELECT `AuthGroupAccess`.`uid`,`AuthGroupAccess`.`group_id`,`AuthGroup`.`id`,`AuthGroup`.`pid`,`AuthGroup`.`name`,`AuthGroup`.`rules` FROM `fa_auth_group_access` `AuthGroupAccess` LEFT JOIN `fa_auth_group` `AuthGroup` ON `AuthGroupAccess`.`group_id`=`AuthGroup`.`id` WHERE  (  AuthGroupAccess.uid='1' and AuthGroup.status='normal' ) [ RunTime:0.000512s ]
[ sql ] [ SQL ] SHOW COLUMNS FROM `fa_auth_rule` [ RunTime:0.044811s ]
[ sql ] [ SQL ] SELECT `id`,`pid`,`condition`,`icon`,`name`,`title`,`ismenu` FROM `fa_auth_rule` WHERE  `status` = 'normal' [ RunTime:0.000683s ]
[ sql ] [ SQL ] SELECT * FROM `fa_auth_rule` WHERE  `ismenu` = 1 ORDER BY `weigh`  desc [ RunTime:0.000714s ]
---------------------------------------------------------------
[ 2017-11-03T11:06:50+08:00 ] ::1 ::1 GET /zhenjiangximenzi2/public/admin/ajax/lang?callback=define&controllername=index&v=1509678409
[ info ] localhost/zhenjiangximenzi2/public/admin/ajax/lang?callback=define&controllername=index&v=1509678409 [运行时间：0.045273s][吞吐率：22.09req/s] [内存消耗：2,063.43kb] [文件加载：70]
[ info ] [ BEHAVIOR ] Run Closure @app_init [ RunTime:0.000044s ]
[ info ] [ CACHE ] INIT File
[ info ] [ BEHAVIOR ] Run Closure @app_init [ RunTime:0.004477s ]
[ info ] [ LANG ] D:\phpStudy\WWW\zhenjiangximenzi2\thinkphp\lang\zh-cn.php
[ info ] [ ROUTE ] array (
  'type' => 'module',
  'module' => 
  array (
    0 => 'admin',
    1 => 'ajax',
    2 => 'lang',
  ),
)
[ info ] [ HEADER ] array (
  'cookie' => 'PHPSESSID=knfa50lkpuq09ejrk28bbbh6g6; Hm_lvt_f8d0a8c400404989e195270b0bbf060a=1509587146,1509608639,1509674658; Hm_lpvt_f8d0a8c400404989e195270b0bbf060a=1509678407',
  'accept-language' => 'zh-CN,zh;q=0.9',
  'accept-encoding' => 'gzip, deflate, br',
  'referer' => 'http://localhost/zhenjiangximenzi2/public/admin/index/index',
  'accept' => '*/*',
  'user-agent' => 'Mozilla/5.0 (Windows NT 10.0) AppleWebKit/537.36 (KHTML, like Gecko) Chrome/62.0.3202.75 Safari/537.36',
  'connection' => 'close',
  'host' => 'localhost',
)
[ info ] [ PARAM ] array (
  'callback' => 'define',
  'controllername' => 'index',
  'v' => '1509678409',
)
[ info ] [ LANG ] D:\phpStudy\WWW\zhenjiangximenzi2\public/../application/admin\lang\zh-cn.php
[ info ] [ BEHAVIOR ] Run app\common\behavior\Common @module_init [ RunTime:0.000388s ]
[ info ] [ SESSION ] INIT array (
  'id' => '',
  'var_session_id' => '',
  'prefix' => 'think',
  'type' => '',
  'auto_start' => true,
)
[ info ] [ RUN ] app\admin\controller\Ajax->lang[ D:\phpStudy\WWW\zhenjiangximenzi2\application\admin\controller\Ajax.php ]
[ info ] [ LANG ] D:\phpStudy\WWW\zhenjiangximenzi2\public/../application/admin/lang/zh-cn/index.php
[ info ] [ BEHAVIOR ] Run app\admin\behavior\AdminLog @app_end [ RunTime:0.000229s ]
[ info ] [ LOG ] INIT File
---------------------------------------------------------------
[ 2017-11-03T11:06:51+08:00 ] ::1 ::1 GET /zhenjiangximenzi2/public/admin/company?addtabs=1
[ info ] localhost/zhenjiangximenzi2/public/admin/company?addtabs=1 [运行时间：0.183100s][吞吐率：5.46req/s] [内存消耗：2,894.23kb] [文件加载：80]
[ info ] [ BEHAVIOR ] Run Closure @app_init [ RunTime:0.000042s ]
[ info ] [ CACHE ] INIT File
[ info ] [ BEHAVIOR ] Run Closure @app_init [ RunTime:0.021832s ]
[ info ] [ LANG ] D:\phpStudy\WWW\zhenjiangximenzi2\thinkphp\lang\zh-cn.php
[ info ] [ ROUTE ] array (
  'type' => 'module',
  'module' => 
  array (
    0 => 'admin',
    1 => 'company',
    2 => NULL,
  ),
)
[ info ] [ HEADER ] array (
  'cookie' => 'PHPSESSID=knfa50lkpuq09ejrk28bbbh6g6; Hm_lvt_f8d0a8c400404989e195270b0bbf060a=1509587146,1509608639,1509674658; Hm_lpvt_f8d0a8c400404989e195270b0bbf060a=1509678407',
  'accept-language' => 'zh-CN,zh;q=0.9',
  'accept-encoding' => 'gzip, deflate, br',
  'referer' => 'http://localhost/zhenjiangximenzi2/public/admin/company?ref=addtabs',
  'accept' => 'text/html,application/xhtml+xml,application/xml;q=0.9,image/webp,image/apng,*/*;q=0.8',
  'user-agent' => 'Mozilla/5.0 (Windows NT 10.0) AppleWebKit/537.36 (KHTML, like Gecko) Chrome/62.0.3202.75 Safari/537.36',
  'upgrade-insecure-requests' => '1',
  'connection' => 'close',
  'host' => 'localhost',
)
[ info ] [ PARAM ] array (
  'addtabs' => '1',
)
[ info ] [ LANG ] D:\phpStudy\WWW\zhenjiangximenzi2\public/../application/admin\lang\zh-cn.php
[ info ] [ BEHAVIOR ] Run app\common\behavior\Common @module_init [ RunTime:0.000361s ]
[ info ] [ SESSION ] INIT array (
  'id' => '',
  'var_session_id' => '',
  'prefix' => 'think',
  'type' => '',
  'auto_start' => true,
)
[ info ] [ DB ] INIT mysql
[ info ] [ LANG ] D:\phpStudy\WWW\zhenjiangximenzi2\public/../application/admin/lang/zh-cn/company.php
[ info ] [ RUN ] app\common\controller\Backend->index[ D:\phpStudy\WWW\zhenjiangximenzi2\application\admin\library\traits\Backend.php ]
[ info ] [ VIEW ] D:\phpStudy\WWW\zhenjiangximenzi2\public/../application/admin\view\company\index.html [ array (
  0 => 'breadcrumb',
  1 => 'site',
  2 => 'config',
  3 => 'auth',
  4 => 'admin',
) ]
[ info ] [ BEHAVIOR ] Run app\admin\behavior\AdminLog @app_end [ RunTime:0.000222s ]
[ info ] [ LOG ] INIT File
[ sql ] [ DB ] CONNECT:[ UseTime:0.000744s ] mysql:dbname=fastadmin;host=127.0.0.1;charset=utf8
[ sql ] [ SQL ] SHOW COLUMNS FROM `fa_auth_group_access` [ RunTime:0.071153s ]
[ sql ] [ SQL ] SELECT `AuthGroupAccess`.`uid`,`AuthGroupAccess`.`group_id`,`AuthGroup`.`id`,`AuthGroup`.`pid`,`AuthGroup`.`name`,`AuthGroup`.`rules` FROM `fa_auth_group_access` `AuthGroupAccess` LEFT JOIN `fa_auth_group` `AuthGroup` ON `AuthGroupAccess`.`group_id`=`AuthGroup`.`id` WHERE  (  AuthGroupAccess.uid='1' and AuthGroup.status='normal' ) [ RunTime:0.000446s ]
[ sql ] [ SQL ] SHOW COLUMNS FROM `fa_auth_rule` [ RunTime:0.027230s ]
[ sql ] [ SQL ] SELECT `id`,`pid`,`condition`,`icon`,`name`,`title`,`ismenu` FROM `fa_auth_rule` WHERE  `status` = 'normal' [ RunTime:0.000641s ]
[ sql ] [ SQL ] SELECT `title`,`remark` FROM `fa_auth_rule` WHERE  `name` = 'company' LIMIT 1 [ RunTime:0.000366s ]
---------------------------------------------------------------
[ 2017-11-03T11:06:51+08:00 ] ::1 ::1 GET /zhenjiangximenzi2/public/admin/ajax/lang?callback=define&controllername=company&v=1509678411
[ info ] localhost/zhenjiangximenzi2/public/admin/ajax/lang?callback=define&controllername=company&v=1509678411 [运行时间：0.097689s][吞吐率：10.24req/s] [内存消耗：2,060.01kb] [文件加载：70]
[ info ] [ BEHAVIOR ] Run Closure @app_init [ RunTime:0.000046s ]
[ info ] [ CACHE ] INIT File
[ info ] [ BEHAVIOR ] Run Closure @app_init [ RunTime:0.004226s ]
[ info ] [ LANG ] D:\phpStudy\WWW\zhenjiangximenzi2\thinkphp\lang\zh-cn.php
[ info ] [ ROUTE ] array (
  'type' => 'module',
  'module' => 
  array (
    0 => 'admin',
    1 => 'ajax',
    2 => 'lang',
  ),
)
[ info ] [ HEADER ] array (
  'cookie' => 'PHPSESSID=knfa50lkpuq09ejrk28bbbh6g6; Hm_lvt_f8d0a8c400404989e195270b0bbf060a=1509587146,1509608639,1509674658; Hm_lpvt_f8d0a8c400404989e195270b0bbf060a=1509678407',
  'accept-language' => 'zh-CN,zh;q=0.9',
  'accept-encoding' => 'gzip, deflate, br',
  'referer' => 'http://localhost/zhenjiangximenzi2/public/admin/company?addtabs=1',
  'accept' => '*/*',
  'user-agent' => 'Mozilla/5.0 (Windows NT 10.0) AppleWebKit/537.36 (KHTML, like Gecko) Chrome/62.0.3202.75 Safari/537.36',
  'connection' => 'close',
  'host' => 'localhost',
)
[ info ] [ PARAM ] array (
  'callback' => 'define',
  'controllername' => 'company',
  'v' => '1509678411',
)
[ info ] [ LANG ] D:\phpStudy\WWW\zhenjiangximenzi2\public/../application/admin\lang\zh-cn.php
[ info ] [ BEHAVIOR ] Run app\common\behavior\Common @module_init [ RunTime:0.000368s ]
[ info ] [ SESSION ] INIT array (
  'id' => '',
  'var_session_id' => '',
  'prefix' => 'think',
  'type' => '',
  'auto_start' => true,
)
[ info ] [ RUN ] app\admin\controller\Ajax->lang[ D:\phpStudy\WWW\zhenjiangximenzi2\application\admin\controller\Ajax.php ]
[ info ] [ LANG ] D:\phpStudy\WWW\zhenjiangximenzi2\public/../application/admin/lang/zh-cn/company.php
[ info ] [ BEHAVIOR ] Run app\admin\behavior\AdminLog @app_end [ RunTime:0.000244s ]
[ info ] [ LOG ] INIT File
---------------------------------------------------------------
[ 2017-11-03T11:06:52+08:00 ] ::1 ::1 GET /zhenjiangximenzi2/public/admin/company/index?sort=weigh&order=desc&offset=0&limit=10&filter=%7B%7D&op=%7B%7D&_=1509678411583
[ info ] localhost/zhenjiangximenzi2/public/admin/company/index?sort=weigh&order=desc&offset=0&limit=10&filter=%7B%7D&op=%7B%7D&_=1509678411583 [运行时间：0.172700s][吞吐率：5.79req/s] [内存消耗：2,783.80kb] [文件加载：78]
[ info ] [ BEHAVIOR ] Run Closure @app_init [ RunTime:0.000066s ]
[ info ] [ CACHE ] INIT File
[ info ] [ BEHAVIOR ] Run Closure @app_init [ RunTime:0.008064s ]
[ info ] [ LANG ] D:\phpStudy\WWW\zhenjiangximenzi2\thinkphp\lang\zh-cn.php
[ info ] [ ROUTE ] array (
  'type' => 'module',
  'module' => 
  array (
    0 => 'admin',
    1 => 'company',
    2 => 'index',
  ),
)
[ info ] [ HEADER ] array (
  'cookie' => 'PHPSESSID=knfa50lkpuq09ejrk28bbbh6g6; Hm_lvt_f8d0a8c400404989e195270b0bbf060a=1509587146,1509608639,1509674658; Hm_lpvt_f8d0a8c400404989e195270b0bbf060a=1509678407',
  'accept-language' => 'zh-CN,zh;q=0.9',
  'accept-encoding' => 'gzip, deflate, br',
  'referer' => 'http://localhost/zhenjiangximenzi2/public/admin/company?addtabs=1',
  'content-type' => 'application/json',
  'user-agent' => 'Mozilla/5.0 (Windows NT 10.0) AppleWebKit/537.36 (KHTML, like Gecko) Chrome/62.0.3202.75 Safari/537.36',
  'x-requested-with' => 'XMLHttpRequest',
  'accept' => 'application/json, text/javascript, */*; q=0.01',
  'connection' => 'close',
  'host' => 'localhost',
)
[ info ] [ PARAM ] array (
  'sort' => 'weigh',
  'order' => 'desc',
  'offset' => '0',
  'limit' => '10',
  'filter' => '{}',
  'op' => '{}',
  '_' => '1509678411583',
)
[ info ] [ LANG ] D:\phpStudy\WWW\zhenjiangximenzi2\public/../application/admin\lang\zh-cn.php
[ info ] [ BEHAVIOR ] Run app\common\behavior\Common @module_init [ RunTime:0.000436s ]
[ info ] [ SESSION ] INIT array (
  'id' => '',
  'var_session_id' => '',
  'prefix' => 'think',
  'type' => '',
  'auto_start' => true,
)
[ info ] [ DB ] INIT mysql
[ info ] [ LANG ] D:\phpStudy\WWW\zhenjiangximenzi2\public/../application/admin/lang/zh-cn/company.php
[ info ] [ RUN ] app\common\controller\Backend->index[ D:\phpStudy\WWW\zhenjiangximenzi2\application\admin\library\traits\Backend.php ]
[ info ] [ BEHAVIOR ] Run app\admin\behavior\AdminLog @app_end [ RunTime:0.000218s ]
[ info ] [ LOG ] INIT File
[ sql ] [ DB ] CONNECT:[ UseTime:0.001692s ] mysql:dbname=fastadmin;host=127.0.0.1;charset=utf8
[ sql ] [ SQL ] SHOW COLUMNS FROM `fa_auth_group_access` [ RunTime:0.041339s ]
[ sql ] [ SQL ] SELECT `AuthGroupAccess`.`uid`,`AuthGroupAccess`.`group_id`,`AuthGroup`.`id`,`AuthGroup`.`pid`,`AuthGroup`.`name`,`AuthGroup`.`rules` FROM `fa_auth_group_access` `AuthGroupAccess` LEFT JOIN `fa_auth_group` `AuthGroup` ON `AuthGroupAccess`.`group_id`=`AuthGroup`.`id` WHERE  (  AuthGroupAccess.uid='1' and AuthGroup.status='normal' ) [ RunTime:0.000594s ]
[ sql ] [ SQL ] SHOW COLUMNS FROM `fa_auth_rule` [ RunTime:0.033182s ]
[ sql ] [ SQL ] SELECT `id`,`pid`,`condition`,`icon`,`name`,`title`,`ismenu` FROM `fa_auth_rule` WHERE  `status` = 'normal' [ RunTime:0.000631s ]
[ sql ] [ SQL ] SHOW COLUMNS FROM `fa_company` [ RunTime:0.030319s ]
[ sql ] [ SQL ] SELECT COUNT(*) AS tp_count FROM `fa_company` ORDER BY `weigh`  desc LIMIT 1 [ RunTime:0.000270s ]
[ sql ] [ SQL ] SELECT * FROM `fa_company` ORDER BY `weigh`  desc LIMIT 0,10 [ RunTime:0.000221s ]
---------------------------------------------------------------
[ 2017-11-03T11:06:56+08:00 ] ::1 ::1 GET /zhenjiangximenzi2/public/admin/company/add?dialog=1
[ info ] localhost/zhenjiangximenzi2/public/admin/company/add?dialog=1 [运行时间：0.368675s][吞吐率：2.71req/s] [内存消耗：2,929.39kb] [文件加载：80]
[ info ] [ BEHAVIOR ] Run Closure @app_init [ RunTime:0.000044s ]
[ info ] [ CACHE ] INIT File
[ info ] [ BEHAVIOR ] Run Closure @app_init [ RunTime:0.013138s ]
[ info ] [ LANG ] D:\phpStudy\WWW\zhenjiangximenzi2\thinkphp\lang\zh-cn.php
[ info ] [ ROUTE ] array (
  'type' => 'module',
  'module' => 
  array (
    0 => 'admin',
    1 => 'company',
    2 => 'add',
  ),
)
[ info ] [ HEADER ] array (
  'cookie' => 'PHPSESSID=knfa50lkpuq09ejrk28bbbh6g6; Hm_lvt_f8d0a8c400404989e195270b0bbf060a=1509587146,1509608639,1509674658; Hm_lpvt_f8d0a8c400404989e195270b0bbf060a=1509678407',
  'accept-language' => 'zh-CN,zh;q=0.9',
  'accept-encoding' => 'gzip, deflate, br',
  'referer' => 'http://localhost/zhenjiangximenzi2/public/admin/company?addtabs=1',
  'accept' => 'text/html,application/xhtml+xml,application/xml;q=0.9,image/webp,image/apng,*/*;q=0.8',
  'user-agent' => 'Mozilla/5.0 (Windows NT 10.0) AppleWebKit/537.36 (KHTML, like Gecko) Chrome/62.0.3202.75 Safari/537.36',
  'upgrade-insecure-requests' => '1',
  'connection' => 'close',
  'host' => 'localhost',
)
[ info ] [ PARAM ] array (
  'dialog' => '1',
)
[ info ] [ LANG ] D:\phpStudy\WWW\zhenjiangximenzi2\public/../application/admin\lang\zh-cn.php
[ info ] [ BEHAVIOR ] Run app\common\behavior\Common @module_init [ RunTime:0.000368s ]
[ info ] [ SESSION ] INIT array (
  'id' => '',
  'var_session_id' => '',
  'prefix' => 'think',
  'type' => '',
  'auto_start' => true,
)
[ info ] [ DB ] INIT mysql
[ info ] [ LANG ] D:\phpStudy\WWW\zhenjiangximenzi2\public/../application/admin/lang/zh-cn/company.php
[ info ] [ RUN ] app\common\controller\Backend->add[ D:\phpStudy\WWW\zhenjiangximenzi2\application\admin\library\traits\Backend.php ]
[ info ] [ VIEW ] D:\phpStudy\WWW\zhenjiangximenzi2\public/../application/admin\view\company\add.html [ array (
  0 => 'breadcrumb',
  1 => 'site',
  2 => 'config',
  3 => 'auth',
  4 => 'admin',
) ]
[ info ] [ BEHAVIOR ] Run app\admin\behavior\AdminLog @app_end [ RunTime:0.000283s ]
[ info ] [ LOG ] INIT File
[ sql ] [ DB ] CONNECT:[ UseTime:0.002210s ] mysql:dbname=fastadmin;host=127.0.0.1;charset=utf8
[ sql ] [ SQL ] SHOW COLUMNS FROM `fa_auth_group_access` [ RunTime:0.139729s ]
[ sql ] [ SQL ] SELECT `AuthGroupAccess`.`uid`,`AuthGroupAccess`.`group_id`,`AuthGroup`.`id`,`AuthGroup`.`pid`,`AuthGroup`.`name`,`AuthGroup`.`rules` FROM `fa_auth_group_access` `AuthGroupAccess` LEFT JOIN `fa_auth_group` `AuthGroup` ON `AuthGroupAccess`.`group_id`=`AuthGroup`.`id` WHERE  (  AuthGroupAccess.uid='1' and AuthGroup.status='normal' ) [ RunTime:0.000579s ]
[ sql ] [ SQL ] SHOW COLUMNS FROM `fa_auth_rule` [ RunTime:0.073291s ]
[ sql ] [ SQL ] SELECT `id`,`pid`,`condition`,`icon`,`name`,`title`,`ismenu` FROM `fa_auth_rule` WHERE  `status` = 'normal' [ RunTime:0.001018s ]
---------------------------------------------------------------
[ 2017-11-03T11:06:56+08:00 ] ::1 ::1 GET /zhenjiangximenzi2/public/admin/ajax/lang?callback=define&controllername=company&v=1509678416
[ info ] localhost/zhenjiangximenzi2/public/admin/ajax/lang?callback=define&controllername=company&v=1509678416 [运行时间：0.095508s][吞吐率：10.47req/s] [内存消耗：2,060.02kb] [文件加载：70]
[ info ] [ BEHAVIOR ] Run Closure @app_init [ RunTime:0.000048s ]
[ info ] [ CACHE ] INIT File
[ info ] [ BEHAVIOR ] Run Closure @app_init [ RunTime:0.054828s ]
[ info ] [ LANG ] D:\phpStudy\WWW\zhenjiangximenzi2\thinkphp\lang\zh-cn.php
[ info ] [ ROUTE ] array (
  'type' => 'module',
  'module' => 
  array (
    0 => 'admin',
    1 => 'ajax',
    2 => 'lang',
  ),
)
[ info ] [ HEADER ] array (
  'cookie' => 'PHPSESSID=knfa50lkpuq09ejrk28bbbh6g6; Hm_lvt_f8d0a8c400404989e195270b0bbf060a=1509587146,1509608639,1509674658; Hm_lpvt_f8d0a8c400404989e195270b0bbf060a=1509678407',
  'accept-language' => 'zh-CN,zh;q=0.9',
  'accept-encoding' => 'gzip, deflate, br',
  'referer' => 'http://localhost/zhenjiangximenzi2/public/admin/company/add?dialog=1',
  'accept' => '*/*',
  'user-agent' => 'Mozilla/5.0 (Windows NT 10.0) AppleWebKit/537.36 (KHTML, like Gecko) Chrome/62.0.3202.75 Safari/537.36',
  'connection' => 'close',
  'host' => 'localhost',
)
[ info ] [ PARAM ] array (
  'callback' => 'define',
  'controllername' => 'company',
  'v' => '1509678416',
)
[ info ] [ LANG ] D:\phpStudy\WWW\zhenjiangximenzi2\public/../application/admin\lang\zh-cn.php
[ info ] [ BEHAVIOR ] Run app\common\behavior\Common @module_init [ RunTime:0.000356s ]
[ info ] [ SESSION ] INIT array (
  'id' => '',
  'var_session_id' => '',
  'prefix' => 'think',
  'type' => '',
  'auto_start' => true,
)
[ info ] [ RUN ] app\admin\controller\Ajax->lang[ D:\phpStudy\WWW\zhenjiangximenzi2\application\admin\controller\Ajax.php ]
[ info ] [ LANG ] D:\phpStudy\WWW\zhenjiangximenzi2\public/../application/admin/lang/zh-cn/company.php
[ info ] [ BEHAVIOR ] Run app\admin\behavior\AdminLog @app_end [ RunTime:0.000218s ]
[ info ] [ LOG ] INIT File
